-------------------------------------------------------------------------------
Test set: com.luxoft.RunTest
-------------------------------------------------------------------------------
Tests run: 13, Failures: 1, Errors: 0, Skipped: 0, Time elapsed: 0.455 s <<< FAILURE! - in com.luxoft.RunTest
outline example #3  Time elapsed: 0.027 s  <<< FAILURE!
org.opentest4j.AssertionFailedError: expected: <true> but was: <false>

