<?xml version="1.0" encoding="UTF-8"?>
<testsuite xmlns:xsi="http://www.w3.org/2001/XMLSchema-instance" xsi:noNamespaceSchemaLocation="https://maven.apache.org/surefire/maven-surefire-plugin/xsd/surefire-test-report.xsd" name="com.luxoft.RunTest" time="0.455" tests="13" errors="0" skipped="0" failures="1">
  <properties>
[...]
</properties>
  <testcase name="11" classname="com.luxoft.RunTest" time="0.105"/>
  <testcase name="22" classname="com.luxoft.RunTest" time="0.005"/>
  <testcase name="33" classname="com.luxoft.RunTest" time="0.008"/>
  <testcase name="44" classname="com.luxoft.RunTest" time="0.005"/>
  <testcase name="55" classname="com.luxoft.RunTest" time="0.012"/>
  <testcase name="66" classname="com.luxoft.RunTest" time="0.01"/>
  <testcase name="Listener is within range" classname="com.luxoft.RunTest" time="0.022"/>
  <testcase name="Lucy is not hungry" classname="com.luxoft.RunTest" time="0.019"/>
  <testcase name="Lucy is out of range hungry" classname="com.luxoft.RunTest" time="0.016"/>
  <testcase name="bullet time" classname="com.luxoft.RunTest" time="0.01"/>
  <testcase name="outline example #1" classname="com.luxoft.RunTest" time="0.007"/>
  <testcase name="outline example #2" classname="com.luxoft.RunTest" time="0.007"/>
  <testcase name="outline example #3" classname="com.luxoft.RunTest" time="0.027">
    <failure message="expected: &lt;true&gt; but was: &lt;false&gt;" type="org.opentest4j.AssertionFailedError"><![CDATA[org.opentest4j.AssertionFailedError: expected: <true> but was: <false>
]]></failure>
    <system-out><![CDATA[
Scenario Outline: outline example              &amp#27;[90m# src/test/java/com/luxoft/features/shout/shout.feature:39&amp#27;[0m
Scenario start
  &amp#27;[32mGiven &amp#27;[0m&amp#27;[32mPrint text to console &amp#27;[0m&amp#27;[32m&amp#27;[1m"Scenario start"&amp#27;[0m &amp#27;[90m# com.luxoft.steps.MyStepdefs.printTextToConsole(java.lang.String)&amp#27;[0m
  &amp#27;[32mGiven &amp#27;[0m&amp#27;[32mLucy is in &amp#27;[0m&amp#27;[32m&amp#27;[1m16&amp#27;[0m&amp#27;[32m m from Sean&amp#27;[0m              &amp#27;[90m# com.luxoft.steps.Stepdefs.lucy_is_in_m_from_sean(java.lang.Integer)&amp#27;[0m
Google it!
  &amp#27;[32mWhen &amp#27;[0m&amp#27;[32mSean shouts "&amp#27;[0m&amp#27;[32m&amp#27;[1mGoogle it!&amp#27;[0m&amp#27;[32m"&amp#27;[0m                &amp#27;[90m# com.luxoft.steps.Stepdefs.seanShoutsFreeBagels(java.lang.String)&amp#27;[0m
  &amp#27;[31mThen &amp#27;[0m&amp#27;[31mLucy &amp#27;[0m&amp#27;[31m&amp#27;[1mhear&amp#27;[0m&amp#27;[31m Sean message&amp#27;[0m                  &amp#27;[90m# com.luxoft.steps.Stepdefs.lucyHearSeanMessage(java.lang.String)&amp#27;[0m
      &amp#27;[31morg.opentest4j.AssertionFailedError: expected: <true> but was: <false>
	at org.junit.jupiter.api.AssertionUtils.fail(AssertionUtils.java:40)
	at org.junit.jupiter.api.AssertTrue.assertTrue(AssertTrue.java:42)
	at org.junit.jupiter.api.AssertTrue.assertTrue(AssertTrue.java:37)
	at org.junit.jupiter.api.Assertions.assertTrue(Assertions.java:129)
	at com.luxoft.steps.Stepdefs.lucyHearSeanMessage(Stepdefs.java:29)
	at вњЅ.Lucy hear Sean message(file:///D:/Den/intellijIdea_workspace/cucumberTraining_workspace/src/test/java/com/luxoft/features/shout/shout.feature:33)
&amp#27;[0m
]]></system-out>
  </testcase>
</testsuite>